<?xml version="1.0" encoding="UTF-8"?>
<!-- Generated by org.testng.reporters.JUnitReportReporter -->
<testsuite hostname="Art-Samir" failures="0" tests="5" name="switchcare.SwitchCareTest" time="112.765" errors="0" timestamp="2024-06-30T16:49:17 IST" skipped="0">
  <testcase classname="switchcare.SwitchCareTest" name="loginPage" time="22.399"/>
  <system-out/>
  <testcase classname="switchcare.SwitchCareTest" name="selectfood" time="2.059"/>
  <system-out/>
  <testcase classname="switchcare.SwitchCareTest" name="breakfast" time="26.100"/>
  <system-out/>
  <testcase classname="switchcare.SwitchCareTest" name="Lunch" time="30.205"/>
  <system-out/>
  <testcase classname="switchcare.SwitchCareTest" name="dinner" time="32.002"/>
  <system-out/>
</testsuite> <!-- switchcare.SwitchCareTest -->
